<?xml version="1.0" encoding="UTF-8"?>
<testng-results skipped="0" failed="0" ignored="0" total="1" passed="1">
  <reporter-output>
  </reporter-output>
  <suite name="Default suite" duration-ms="26755" started-at="2019-06-18T12:57:54Z" finished-at="2019-06-18T12:58:21Z">
    <groups>
    </groups>
    <test name="Default test" duration-ms="26755" started-at="2019-06-18T12:57:54Z" finished-at="2019-06-18T12:58:21Z">
      <class name="TestHomepage.LoginPageTest">
        <test-method status="PASS" signature="setup()[pri:0, instance:TestHomepage.LoginPageTest@6d00a15d]" name="setup" is-config="true" duration-ms="7559" started-at="2019-06-18T12:57:54Z" finished-at="2019-06-18T12:58:01Z">
          <reporter-output>
          </reporter-output>
        </test-method> <!-- setup -->
        <test-method status="PASS" signature="adminlogin()[pri:0, instance:TestHomepage.LoginPageTest@6d00a15d]" name="adminlogin" duration-ms="18540" started-at="2019-06-18T12:58:01Z" finished-at="2019-06-18T12:58:20Z">
          <reporter-output>
          </reporter-output>
        </test-method> <!-- adminlogin -->
        <test-method status="PASS" signature="teardown()[pri:0, instance:TestHomepage.LoginPageTest@6d00a15d]" name="teardown" is-config="true" duration-ms="627" started-at="2019-06-18T12:58:20Z" finished-at="2019-06-18T12:58:21Z">
          <reporter-output>
          </reporter-output>
        </test-method> <!-- teardown -->
      </class> <!-- TestHomepage.LoginPageTest -->
    </test> <!-- Default test -->
  </suite> <!-- Default suite -->
</testng-results>
